<?xml version="1.0" encoding="UTF-8"?>
<TestRun id="3a94072b-54a6-449e-a488-9a4f4f07ea54" name="mathewan@MATHEWAN-VS 2009-09-05 09:34:32" runUser="FAREAST\mathewan" xmlns="http://microsoft.com/schemas/VisualStudio/TeamTest/2010">
  <TestSettings name="Local" id="a4735104-418c-49e6-a4e0-94bc1309b911">
    <Description>These are default test settings for a local test run.</Description>
    <Deployment runDeploymentRoot="mathewan_MATHEWAN-VS 2009-09-05 09_34_32">
      <DeploymentItem filename="C:\TEMP\IbuySpy\IbuySpy\bin\IBuySpy.dll" />
    </Deployment>
    <Execution>
      <TestTypeSpecific />
      <AgentRule name="Execution Agents">
      </AgentRule>
    </Execution>
  </TestSettings>
  <Times creation="2009-09-05T09:34:32.6091591+05:30" queuing="2009-09-05T09:34:33.3563705+05:30" start="2009-09-05T09:34:33.5385459+05:30" finish="2009-09-05T09:34:34.3256995+05:30" />
  <ResultSummary outcome="Error">
    <Counters total="1" executed="1" error="1" failed="0" timeout="0" aborted="0" inconclusive="0" passedButRunAborted="0" notRunnable="0" notExecuted="0" disconnected="0" warning="0" passed="0" completed="0" inProgress="0" pending="0" />
  </ResultSummary>
  <TestDefinitions>
    <UnitTest name="TestMethod1" storage="c:\temp\ibuyspy\ibuyspy\testproject1\bin\debug\testproject1.dll" id="59863143-3238-122e-4d8a-637b491cc755">
      <Execution id="fe469440-2c72-4b90-a857-233ace4851ac" />
      <TestMethod codeBase="C:/TEMP/IbuySpy/IbuySpy/TestProject1/bin/Debug/TestProject1.DLL" adapterTypeName="Microsoft.VisualStudio.TestTools.TestTypes.Unit.UnitTestAdapter, Microsoft.VisualStudio.QualityTools.Tips.UnitTest.Adapter, Version=10.0.0.0, Culture=neutral, PublicKeyToken=b03f5f7f11d50a3a" className="TestProject1.UnitTest1, TestProject1, Version=1.0.0.0, Culture=neutral, PublicKeyToken=null" name="TestMethod1" />
    </UnitTest>
  </TestDefinitions>
  <TestLists>
    <TestList name="Results Not in a List" id="8c84fa94-04c1-424b-9868-57a2d4851a1d" />
    <TestList name="All Loaded Results" id="19431567-8539-422a-85d7-44ee4e166bda" />
  </TestLists>
  <TestEntries>
    <TestEntry testId="59863143-3238-122e-4d8a-637b491cc755" executionId="fe469440-2c72-4b90-a857-233ace4851ac" testListId="8c84fa94-04c1-424b-9868-57a2d4851a1d" />
  </TestEntries>
  <Results>
    <UnitTestResult executionId="fe469440-2c72-4b90-a857-233ace4851ac" testId="59863143-3238-122e-4d8a-637b491cc755" testName="TestMethod1" computerName="MATHEWAN-VS" startTime="2009-09-05T09:34:33.6038173+05:30" endTime="2009-09-05T09:34:34.1542403+05:30" testType="13cdc9d9-ddb5-4fa4-a97d-d965ccfc6d4b" testListId="8c84fa94-04c1-424b-9868-57a2d4851a1d" relativeResultsDirectory="fe469440-2c72-4b90-a857-233ace4851ac">
      <Output>
        <ErrorInfo>
          <Message>Unit Test Adapter threw exception: 
The type initializer for 'Microsoft.VisualStudio.TestTools.Diagnostics.EqtTrace' threw an exception.
The type initializer for 'Microsoft.VisualStudio.TestTools.Common.RegistryConstants' threw an exception.
Configuration system failed to initialize
Unrecognized configuration section add. (C:\TEMP\IbuySpy\IbuySpy\TestResults\mathewan_MATHEWAN-VS 2009-09-05 09_34_32\Out\TestProject1.DLL.config line 3).</Message>
        </ErrorInfo>
      </Output>
    </UnitTestResult>
  </Results>
</TestRun>