<?xml version="1.0" encoding="UTF-8"?>
<TestRun id="b510bb06-4885-4f84-a7a1-b2ce8aee6789" name="mathewan@MATHEWAN-VS 2009-09-05 09:35:56" runUser="FAREAST\mathewan" xmlns="http://microsoft.com/schemas/VisualStudio/TeamTest/2010">
  <TestSettings name="Local" id="a4735104-418c-49e6-a4e0-94bc1309b911">
    <Description>These are default test settings for a local test run.</Description>
    <Deployment runDeploymentRoot="mathewan_MATHEWAN-VS 2009-09-05 09_35_56">
      <DeploymentItem filename="C:\TEMP\IbuySpy\IbuySpy\bin\IBuySpy.dll" />
    </Deployment>
    <Execution>
      <TestTypeSpecific />
      <AgentRule name="Execution Agents">
      </AgentRule>
    </Execution>
  </TestSettings>
  <Times creation="2009-09-05T09:35:56.2885789+05:30" queuing="2009-09-05T09:35:57.4635847+05:30" start="2009-09-05T09:35:57.6886480+05:30" finish="2009-09-05T09:36:02.0924840+05:30" />
  <ResultSummary outcome="Completed">
    <Counters total="1" executed="1" passed="1" error="0" failed="0" timeout="0" aborted="0" inconclusive="0" passedButRunAborted="0" notRunnable="0" notExecuted="0" disconnected="0" warning="0" completed="0" inProgress="0" pending="0" />
  </ResultSummary>
  <TestDefinitions>
    <UnitTest name="TestMethod1" storage="c:\temp\ibuyspy\ibuyspy\testproject1\bin\debug\testproject1.dll" id="59863143-3238-122e-4d8a-637b491cc755">
      <Execution id="870f5fbe-3823-47d1-9cc8-889afc8552a3" />
      <TestMethod codeBase="C:/TEMP/IbuySpy/IbuySpy/TestProject1/bin/Debug/TestProject1.DLL" adapterTypeName="Microsoft.VisualStudio.TestTools.TestTypes.Unit.UnitTestAdapter, Microsoft.VisualStudio.QualityTools.Tips.UnitTest.Adapter, Version=10.0.0.0, Culture=neutral, PublicKeyToken=b03f5f7f11d50a3a" className="TestProject1.UnitTest1, TestProject1, Version=1.0.0.0, Culture=neutral, PublicKeyToken=null" name="TestMethod1" />
    </UnitTest>
  </TestDefinitions>
  <TestLists>
    <TestList name="Results Not in a List" id="8c84fa94-04c1-424b-9868-57a2d4851a1d" />
    <TestList name="All Loaded Results" id="19431567-8539-422a-85d7-44ee4e166bda" />
  </TestLists>
  <TestEntries>
    <TestEntry testId="59863143-3238-122e-4d8a-637b491cc755" executionId="870f5fbe-3823-47d1-9cc8-889afc8552a3" testListId="8c84fa94-04c1-424b-9868-57a2d4851a1d" />
  </TestEntries>
  <Results>
    <UnitTestResult executionId="870f5fbe-3823-47d1-9cc8-889afc8552a3" testId="59863143-3238-122e-4d8a-637b491cc755" testName="TestMethod1" computerName="MATHEWAN-VS" duration="00:00:01.9427740" startTime="2009-09-05T09:35:57.7519775+05:30" endTime="2009-09-05T09:36:00.2608000+05:30" testType="13cdc9d9-ddb5-4fa4-a97d-d965ccfc6d4b" outcome="Passed" testListId="8c84fa94-04c1-424b-9868-57a2d4851a1d" relativeResultsDirectory="870f5fbe-3823-47d1-9cc8-889afc8552a3">
    </UnitTestResult>
  </Results>
</TestRun>